10:31:25.549 [main] INFO  io.github.bonigarcia.wdm.WebDriverManager - Using geckodriver 0.36.0 (resolved driver for Firefox 135)
10:31:25.694 [main] INFO  io.github.bonigarcia.wdm.WebDriverManager - Exporting webdriver.gecko.driver as C:\Users\zeroc\.cache\selenium\geckodriver\win64\0.36.0\geckodriver.exe
10:32:04.466 [main] INFO  io.github.bonigarcia.wdm.WebDriverManager - Using geckodriver 0.36.0 (resolved driver for Firefox 135)
10:32:04.555 [main] INFO  io.github.bonigarcia.wdm.WebDriverManager - Exporting webdriver.gecko.driver as C:\Users\zeroc\.cache\selenium\geckodriver\win64\0.36.0\geckodriver.exe
10:32:21.680 [main] INFO  org.testng.internal.Utils - [TestNG] Running:
  Command line suite

10:32:31.359 [main] INFO  Logger.MyLogger - Go to the Page: https://demoqa.com
10:32:31.609 [main] INFO  Logger.MyLogger - End of the Test
17:58:45.910 [main] INFO  Logger.MyLogger - Firefox options successfully configured.
17:58:47.774 [main] INFO  io.github.bonigarcia.wdm.WebDriverManager - Reading https://raw.githubusercontent.com/bonigarcia/webdrivermanager/master/docs/mirror/geckodriver to seek geckodriver
17:58:48.329 [main] INFO  io.github.bonigarcia.wdm.WebDriverManager - Exporting webdriver.gecko.driver as C:\Users\zeroc\.cache\selenium\geckodriver\win64\0.36.0\geckodriver.exe
17:58:57.376 [main] INFO  org.testng.internal.Utils - [TestNG] Running:
  Command line suite

17:59:04.930 [main] INFO  Logger.MyLogger - Go to the Page: https://demoqa.com
17:59:05.766 [main] INFO  Logger.MyLogger - End of the Test
18:05:58.485 [main] INFO  Logger.MyLogger - Firefox options successfully configured.
18:05:59.039 [main] INFO  io.github.bonigarcia.wdm.WebDriverManager - Using geckodriver 0.36.0 (resolved driver for Firefox 137)
18:05:59.090 [main] INFO  io.github.bonigarcia.wdm.WebDriverManager - Exporting webdriver.gecko.driver as C:\Users\zeroc\.cache\selenium\geckodriver\win64\0.36.0\geckodriver.exe
18:06:06.520 [main] INFO  org.testng.internal.Utils - [TestNG] Running:
  Command line suite

18:06:14.187 [main] INFO  Logger.MyLogger - Go to the Page: https://demoqa.com
18:06:14.424 [main] INFO  Logger.MyLogger - End of the Test
